Started GET "/" for ::1 at 2019-02-04 11:32:18 -0800
DEPRECATION WARNING: ActiveRecord::Base.raise_in_transactional_callbacks= is deprecated, has no effect and will be removed without replacement. (called from block (3 levels) in <class:Railtie> at /Users/mason/.rbenv/versions/2.5.1/lib/ruby/gems/2.5.0/gems/activerecord-5.0.7.1/lib/active_record/railtie.rb:113)

Gem::LoadError - can't activate sqlite3 (~> 1.3.6), already activated sqlite3-1.4.0. Make sure all dependencies are added to Gemfile.:

Started POST "/__better_errors/5441399e2daa1cab/variables" for ::1 at 2019-02-04 11:32:18 -0800
Started GET "/" for ::1 at 2019-02-04 11:33:01 -0800
DEPRECATION WARNING: ActiveRecord::Base.raise_in_transactional_callbacks= is deprecated, has no effect and will be removed without replacement. (called from block (3 levels) in <class:Railtie> at /Users/mason/.rbenv/versions/2.5.1/lib/ruby/gems/2.5.0/gems/activerecord-5.0.7.1/lib/active_record/railtie.rb:113)

Gem::LoadError - can't activate sqlite3 (~> 1.3.6), already activated sqlite3-1.4.0. Make sure all dependencies are added to Gemfile.:

Started POST "/__better_errors/a292bee92be99178/variables" for ::1 at 2019-02-04 11:33:02 -0800
Started GET "/" for ::1 at 2019-02-04 11:35:08 -0800
DEPRECATION WARNING: ActiveRecord::Base.raise_in_transactional_callbacks= is deprecated, has no effect and will be removed without replacement. (called from block (3 levels) in <class:Railtie> at /Users/mason/.rbenv/versions/2.5.1/lib/ruby/gems/2.5.0/gems/activerecord-5.0.7.1/lib/active_record/railtie.rb:113)
Processing by StaticPagesController#index as HTML
  Rendering static_pages/index.html.erb within layouts/application
  Rendered shared/_main_nav.html.erb (0.3ms)
  Rendered shared/_masthead.html.erb (0.2ms)
  Rendered shared/_sections_nav.html.erb (0.2ms)
  Rendered shared/_search_modal.html.erb (0.2ms)
  Rendered shared/_main_content.html.erb (0.2ms)
  Rendered static_pages/index.html.erb within layouts/application (14.1ms)
Completed 200 OK in 543ms (Views: 539.3ms | ActiveRecord: 0.0ms)


Started GET "/assets/application.self-c161ee6fbe3440d380b7a08a8e9d3ae3049672d00019f0f6c7044889c584f56e.css?body=1" for ::1 at 2019-02-04 11:35:09 -0800
Started GET "/assets/jquery_ujs.self-784a997f6726036b1993eb2217c9cb558e1cbb801c6da88105588c56f13b466a.js?body=1" for ::1 at 2019-02-04 11:35:09 -0800
Started GET "/assets/jquery.self-bd7ddd393353a8d2480a622e80342adf488fb6006d667e8b42e4c0073393abee.js?body=1" for ::1 at 2019-02-04 11:35:09 -0800
Started GET "/assets/components/dropdown.self-815016af6fab1d5b72abd319213bf62f0c42bab2c585d2e059543ae704a0d74c.js?body=1" for ::1 at 2019-02-04 11:35:09 -0800
Started GET "/assets/components/modal.self-52188644dbb47def5ee35ae02e69eb567ca9b664472357a8a5789dd39032a265.js?body=1" for ::1 at 2019-02-04 11:35:09 -0800
Started GET "/assets/components/sidebar.self-2a1277f850a6fa21e1a974ef5152f177ac05516477d5081d593bb137b3d6808b.js?body=1" for ::1 at 2019-02-04 11:35:09 -0800
Started GET "/assets/application.self-f571b9db02bf4ed04c38a6a29072ac382f7d4f47db1fab9817aeadb0d8665235.js?body=1" for ::1 at 2019-02-04 11:35:09 -0800
Started GET "/" for ::1 at 2019-02-04 11:41:03 -0800
DEPRECATION WARNING: ActiveRecord::Base.raise_in_transactional_callbacks= is deprecated, has no effect and will be removed without replacement. (called from block (3 levels) in <class:Railtie> at /Users/mason/.rbenv/versions/2.5.1/lib/ruby/gems/2.5.0/gems/activerecord-5.0.7.1/lib/active_record/railtie.rb:113)
Processing by StaticPagesController#index as HTML
  Rendering static_pages/index.html.erb within layouts/application
  Rendered shared/_main_nav.html.erb (0.3ms)
  Rendered shared/_masthead.html.erb (0.2ms)
  Rendered shared/_sections_nav.html.erb (0.3ms)
  Rendered shared/_search_modal.html.erb (0.2ms)
  Rendered shared/_main_content.html.erb (0.2ms)
  Rendered static_pages/index.html.erb within layouts/application (15.0ms)
Completed 200 OK in 263ms (Views: 260.4ms | ActiveRecord: 0.0ms)


Started GET "/" for ::1 at 2019-02-04 11:41:25 -0800
Processing by StaticPagesController#index as HTML
  Rendering static_pages/index.html.erb within layouts/application
  Rendered shared/_main_nav.html.erb (0.3ms)
  Rendered shared/_masthead.html.erb (1.1ms)
  Rendered shared/_sections_nav.html.erb (0.4ms)
  Rendered shared/_search_modal.html.erb (1.0ms)
  Rendered shared/_main_content.html.erb (0.4ms)
  Rendered static_pages/index.html.erb within layouts/application (23.2ms)
Completed 200 OK in 65ms (Views: 62.3ms | ActiveRecord: 0.0ms)


Started GET "/assets/application.self-c161ee6fbe3440d380b7a08a8e9d3ae3049672d00019f0f6c7044889c584f56e.css?body=1&livereload=1549309693498" for ::1 at 2019-02-04 11:48:13 -0800
Started GET "/assets/application.self-c161ee6fbe3440d380b7a08a8e9d3ae3049672d00019f0f6c7044889c584f56e.css?body=1&livereload=1549309693503" for ::1 at 2019-02-04 11:48:13 -0800
Started GET "/assets/application.self-c161ee6fbe3440d380b7a08a8e9d3ae3049672d00019f0f6c7044889c584f56e.css?body=1&livereload=1549309825354" for ::1 at 2019-02-04 11:50:25 -0800
Started GET "/assets/application.self-c161ee6fbe3440d380b7a08a8e9d3ae3049672d00019f0f6c7044889c584f56e.css?body=1&livereload=1549309825356" for ::1 at 2019-02-04 11:50:25 -0800
Started GET "/assets/application.self-c161ee6fbe3440d380b7a08a8e9d3ae3049672d00019f0f6c7044889c584f56e.css?body=1&livereload=1549309846649" for ::1 at 2019-02-04 11:50:46 -0800
Started GET "/assets/application.self-c161ee6fbe3440d380b7a08a8e9d3ae3049672d00019f0f6c7044889c584f56e.css?body=1&livereload=1549309846650" for ::1 at 2019-02-04 11:50:46 -0800
Started GET "/" for ::1 at 2019-02-04 11:54:01 -0800
DEPRECATION WARNING: ActiveRecord::Base.raise_in_transactional_callbacks= is deprecated, has no effect and will be removed without replacement. (called from block (3 levels) in <class:Railtie> at /Users/mason/.rbenv/versions/2.5.1/lib/ruby/gems/2.5.0/gems/activerecord-5.0.7.1/lib/active_record/railtie.rb:113)
Processing by StaticPagesController#index as HTML
  Rendering static_pages/index.html.erb within layouts/application
  Rendered shared/_main_nav.html.erb (0.4ms)
  Rendered shared/_masthead.html.erb (0.4ms)
  Rendered shared/_sections_nav.html.erb (0.5ms)
  Rendered shared/_search_modal.html.erb (0.2ms)
  Rendered shared/_main_content.html.erb (0.2ms)
  Rendered static_pages/index.html.erb within layouts/application (18.3ms)
Completed 200 OK in 325ms (Views: 321.9ms | ActiveRecord: 0.0ms)


Started GET "/assets/application.self-ef36043f585cd3ad543db290eef311f23dce712618aa434621d8afe7b19be545.css?body=1" for ::1 at 2019-02-04 11:54:02 -0800
Started GET "/assets/jquery_ujs.self-784a997f6726036b1993eb2217c9cb558e1cbb801c6da88105588c56f13b466a.js?body=1" for ::1 at 2019-02-04 11:54:02 -0800
Started GET "/assets/jquery.self-bd7ddd393353a8d2480a622e80342adf488fb6006d667e8b42e4c0073393abee.js?body=1" for ::1 at 2019-02-04 11:54:02 -0800
Started GET "/assets/components/dropdown.self-815016af6fab1d5b72abd319213bf62f0c42bab2c585d2e059543ae704a0d74c.js?body=1" for ::1 at 2019-02-04 11:54:02 -0800
Started GET "/assets/components/modal.self-52188644dbb47def5ee35ae02e69eb567ca9b664472357a8a5789dd39032a265.js?body=1" for ::1 at 2019-02-04 11:54:02 -0800
Started GET "/assets/components/sidebar.self-2a1277f850a6fa21e1a974ef5152f177ac05516477d5081d593bb137b3d6808b.js?body=1" for ::1 at 2019-02-04 11:54:02 -0800
Started GET "/assets/application.self-f571b9db02bf4ed04c38a6a29072ac382f7d4f47db1fab9817aeadb0d8665235.js?body=1" for ::1 at 2019-02-04 11:54:02 -0800
Started GET "/assets/application.self-ef36043f585cd3ad543db290eef311f23dce712618aa434621d8afe7b19be545.css?body=1&livereload=1549310082420" for ::1 at 2019-02-04 11:54:42 -0800
Started GET "/assets/application.self-ef36043f585cd3ad543db290eef311f23dce712618aa434621d8afe7b19be545.css?body=1&livereload=1549310082422" for ::1 at 2019-02-04 11:54:42 -0800
Started GET "/" for ::1 at 2019-02-04 11:55:15 -0800
DEPRECATION WARNING: ActiveRecord::Base.raise_in_transactional_callbacks= is deprecated, has no effect and will be removed without replacement. (called from block (3 levels) in <class:Railtie> at /Users/mason/.rbenv/versions/2.5.1/lib/ruby/gems/2.5.0/gems/activerecord-5.0.7.1/lib/active_record/railtie.rb:113)
Processing by StaticPagesController#index as HTML
  Rendering static_pages/index.html.erb within layouts/application
  Rendered shared/_main_nav.html.erb (0.2ms)
  Rendered shared/_masthead.html.erb (0.2ms)
  Rendered shared/_sections_nav.html.erb (0.2ms)
  Rendered shared/_search_modal.html.erb (0.3ms)
  Rendered shared/_main_content.html.erb (0.2ms)
  Rendered static_pages/index.html.erb within layouts/application (14.1ms)
Completed 200 OK in 249ms (Views: 246.4ms | ActiveRecord: 0.0ms)


Started GET "/assets/components/dropdown.self-815016af6fab1d5b72abd319213bf62f0c42bab2c585d2e059543ae704a0d74c.js?body=1" for ::1 at 2019-02-04 11:55:16 -0800
Started GET "/assets/jquery.self-bd7ddd393353a8d2480a622e80342adf488fb6006d667e8b42e4c0073393abee.js?body=1" for ::1 at 2019-02-04 11:55:16 -0800
Started GET "/assets/application.self-b803085e324dc25a9bac022580e587d60b11d18e25d3b58e149bd188d5d1ba5e.css?body=1" for ::1 at 2019-02-04 11:55:16 -0800
Started GET "/assets/jquery_ujs.self-784a997f6726036b1993eb2217c9cb558e1cbb801c6da88105588c56f13b466a.js?body=1" for ::1 at 2019-02-04 11:55:16 -0800
Started GET "/assets/components/modal.self-52188644dbb47def5ee35ae02e69eb567ca9b664472357a8a5789dd39032a265.js?body=1" for ::1 at 2019-02-04 11:55:16 -0800
Started GET "/assets/components/sidebar.self-2a1277f850a6fa21e1a974ef5152f177ac05516477d5081d593bb137b3d6808b.js?body=1" for ::1 at 2019-02-04 11:55:16 -0800
Started GET "/assets/application.self-f571b9db02bf4ed04c38a6a29072ac382f7d4f47db1fab9817aeadb0d8665235.js?body=1" for ::1 at 2019-02-04 11:55:16 -0800
Started GET "/assets/application.self-b803085e324dc25a9bac022580e587d60b11d18e25d3b58e149bd188d5d1ba5e.css?body=1&livereload=1549310137238" for ::1 at 2019-02-04 11:55:37 -0800
Started GET "/assets/application.self-b803085e324dc25a9bac022580e587d60b11d18e25d3b58e149bd188d5d1ba5e.css?body=1&livereload=1549310137241" for ::1 at 2019-02-04 11:55:37 -0800
Started GET "/assets/application.self-b803085e324dc25a9bac022580e587d60b11d18e25d3b58e149bd188d5d1ba5e.css?body=1&livereload=1549310197774" for ::1 at 2019-02-04 11:56:37 -0800
Started GET "/assets/application.self-b803085e324dc25a9bac022580e587d60b11d18e25d3b58e149bd188d5d1ba5e.css?body=1&livereload=1549310197776" for ::1 at 2019-02-04 11:56:37 -0800
Started GET "/assets/application.self-b803085e324dc25a9bac022580e587d60b11d18e25d3b58e149bd188d5d1ba5e.css?body=1&livereload=1549310222657" for ::1 at 2019-02-04 11:57:02 -0800
Started GET "/assets/application.self-b803085e324dc25a9bac022580e587d60b11d18e25d3b58e149bd188d5d1ba5e.css?body=1&livereload=1549310222659" for ::1 at 2019-02-04 11:57:02 -0800
Started GET "/assets/application.self-b803085e324dc25a9bac022580e587d60b11d18e25d3b58e149bd188d5d1ba5e.css?body=1&livereload=1549310277442" for ::1 at 2019-02-04 11:57:57 -0800
Started GET "/assets/application.self-b803085e324dc25a9bac022580e587d60b11d18e25d3b58e149bd188d5d1ba5e.css?body=1&livereload=1549310277443" for ::1 at 2019-02-04 11:57:57 -0800
Started GET "/assets/application.self-b803085e324dc25a9bac022580e587d60b11d18e25d3b58e149bd188d5d1ba5e.css?body=1&livereload=1549310294207" for ::1 at 2019-02-04 11:58:14 -0800
Started GET "/assets/application.self-b803085e324dc25a9bac022580e587d60b11d18e25d3b58e149bd188d5d1ba5e.css?body=1&livereload=1549310294209" for ::1 at 2019-02-04 11:58:14 -0800
Started GET "/assets/application.self-b803085e324dc25a9bac022580e587d60b11d18e25d3b58e149bd188d5d1ba5e.css?body=1&livereload=1549310364861" for ::1 at 2019-02-04 11:59:24 -0800
Started GET "/assets/application.self-b803085e324dc25a9bac022580e587d60b11d18e25d3b58e149bd188d5d1ba5e.css?body=1&livereload=1549310364862" for ::1 at 2019-02-04 11:59:24 -0800
Started GET "/assets/application.self-b803085e324dc25a9bac022580e587d60b11d18e25d3b58e149bd188d5d1ba5e.css?body=1&livereload=1549310641881" for ::1 at 2019-02-04 12:04:01 -0800
Started GET "/assets/application.self-b803085e324dc25a9bac022580e587d60b11d18e25d3b58e149bd188d5d1ba5e.css?body=1&livereload=1549310641883" for ::1 at 2019-02-04 12:04:01 -0800
Started GET "/assets/application.self-b803085e324dc25a9bac022580e587d60b11d18e25d3b58e149bd188d5d1ba5e.css?body=1&livereload=1549310672321" for ::1 at 2019-02-04 12:04:32 -0800
Started GET "/assets/application.self-b803085e324dc25a9bac022580e587d60b11d18e25d3b58e149bd188d5d1ba5e.css?body=1&livereload=1549310672319" for ::1 at 2019-02-04 12:04:32 -0800
Started GET "/assets/application.self-b803085e324dc25a9bac022580e587d60b11d18e25d3b58e149bd188d5d1ba5e.css?body=1&livereload=1549310709585" for ::1 at 2019-02-04 12:05:09 -0800
Started GET "/assets/application.self-b803085e324dc25a9bac022580e587d60b11d18e25d3b58e149bd188d5d1ba5e.css?body=1&livereload=1549310709586" for ::1 at 2019-02-04 12:05:09 -0800
Started GET "/assets/application.self-b803085e324dc25a9bac022580e587d60b11d18e25d3b58e149bd188d5d1ba5e.css?body=1&livereload=1549310745642" for ::1 at 2019-02-04 12:05:45 -0800
Started GET "/assets/application.self-b803085e324dc25a9bac022580e587d60b11d18e25d3b58e149bd188d5d1ba5e.css?body=1&livereload=1549310745644" for ::1 at 2019-02-04 12:05:45 -0800
Started GET "/assets/application.self-b803085e324dc25a9bac022580e587d60b11d18e25d3b58e149bd188d5d1ba5e.css?body=1&livereload=1549310864645" for ::1 at 2019-02-04 12:07:44 -0800
Started GET "/assets/application.self-b803085e324dc25a9bac022580e587d60b11d18e25d3b58e149bd188d5d1ba5e.css?body=1&livereload=1549310864646" for ::1 at 2019-02-04 12:07:44 -0800
Started GET "/" for ::1 at 2019-02-04 12:08:30 -0800
Processing by StaticPagesController#index as HTML
  Rendering static_pages/index.html.erb within layouts/application
  Rendered shared/_main_nav.html.erb (0.4ms)
  Rendered shared/_masthead.html.erb (0.4ms)
  Rendered shared/_sections_nav.html.erb (1.2ms)
  Rendered shared/_search_modal.html.erb (0.2ms)
  Rendered shared/_main_content.html.erb (0.3ms)
  Rendered static_pages/index.html.erb within layouts/application (16.2ms)
Completed 200 OK in 49ms (Views: 45.2ms | ActiveRecord: 0.0ms)


Started GET "/assets/application.self-aaeeff7ab14c9578e7f18112930050e357a17854bf3d7d8a9ca3c25fdeb08902.css?body=1" for ::1 at 2019-02-04 12:08:30 -0800
Started GET "/" for ::1 at 2019-02-04 12:08:31 -0800
Processing by StaticPagesController#index as HTML
  Rendering static_pages/index.html.erb within layouts/application
  Rendered shared/_main_nav.html.erb (0.2ms)
  Rendered shared/_masthead.html.erb (0.2ms)
  Rendered shared/_sections_nav.html.erb (0.3ms)
  Rendered shared/_search_modal.html.erb (0.2ms)
  Rendered shared/_main_content.html.erb (0.2ms)
  Rendered static_pages/index.html.erb within layouts/application (13.6ms)
Completed 200 OK in 34ms (Views: 31.4ms | ActiveRecord: 0.0ms)


Started GET "/" for ::1 at 2019-02-04 12:09:07 -0800
Processing by StaticPagesController#index as HTML
  Rendering static_pages/index.html.erb within layouts/application
  Rendered shared/_main_nav.html.erb (0.4ms)
  Rendered shared/_masthead.html.erb (0.2ms)
  Rendered shared/_sections_nav.html.erb (0.2ms)
  Rendered shared/_search_modal.html.erb (0.2ms)
  Rendered shared/_main_content.html.erb (0.7ms)
  Rendered static_pages/index.html.erb within layouts/application (11.8ms)
Completed 200 OK in 31ms (Views: 29.1ms | ActiveRecord: 0.0ms)


Started GET "/" for ::1 at 2019-02-04 12:09:08 -0800
Processing by StaticPagesController#index as HTML
  Rendering static_pages/index.html.erb within layouts/application
  Rendered shared/_main_nav.html.erb (0.2ms)
  Rendered shared/_masthead.html.erb (0.2ms)
  Rendered shared/_sections_nav.html.erb (0.3ms)
  Rendered shared/_search_modal.html.erb (0.2ms)
  Rendered shared/_main_content.html.erb (0.3ms)
  Rendered static_pages/index.html.erb within layouts/application (11.5ms)
Completed 200 OK in 30ms (Views: 27.4ms | ActiveRecord: 0.0ms)


Started GET "/" for ::1 at 2019-02-04 12:09:38 -0800
Processing by StaticPagesController#index as HTML
  Rendering static_pages/index.html.erb within layouts/application
  Rendered shared/_main_nav.html.erb (0.3ms)
  Rendered shared/_masthead.html.erb (0.4ms)
  Rendered shared/_sections_nav.html.erb (0.2ms)
  Rendered shared/_search_modal.html.erb (0.3ms)
  Rendered shared/_main_content.html.erb (0.2ms)
  Rendered static_pages/index.html.erb within layouts/application (14.1ms)
Completed 200 OK in 32ms (Views: 30.2ms | ActiveRecord: 0.0ms)


Started GET "/" for ::1 at 2019-02-04 12:09:39 -0800
Processing by StaticPagesController#index as HTML
  Rendering static_pages/index.html.erb within layouts/application
  Rendered shared/_main_nav.html.erb (0.3ms)
  Rendered shared/_masthead.html.erb (0.3ms)
  Rendered shared/_sections_nav.html.erb (0.2ms)
  Rendered shared/_search_modal.html.erb (0.2ms)
  Rendered shared/_main_content.html.erb (0.4ms)
  Rendered static_pages/index.html.erb within layouts/application (12.8ms)
Completed 200 OK in 34ms (Views: 30.2ms | ActiveRecord: 0.0ms)


Started GET "/" for ::1 at 2019-02-04 12:11:35 -0800
Processing by StaticPagesController#index as HTML
  Rendering static_pages/index.html.erb within layouts/application
  Rendered shared/_main_nav.html.erb (0.2ms)
  Rendered shared/_masthead.html.erb (0.3ms)
  Rendered shared/_sections_nav.html.erb (0.2ms)
  Rendered shared/_search_modal.html.erb (0.2ms)
  Rendered shared/_main_content.html.erb (0.2ms)
  Rendered static_pages/index.html.erb within layouts/application (11.3ms)
Completed 200 OK in 30ms (Views: 27.2ms | ActiveRecord: 0.0ms)


Started GET "/" for ::1 at 2019-02-04 12:11:35 -0800
Processing by StaticPagesController#index as HTML
  Rendering static_pages/index.html.erb within layouts/application
  Rendered shared/_main_nav.html.erb (0.2ms)
  Rendered shared/_masthead.html.erb (0.2ms)
  Rendered shared/_sections_nav.html.erb (0.2ms)
  Rendered shared/_search_modal.html.erb (0.3ms)
  Rendered shared/_main_content.html.erb (0.3ms)
  Rendered static_pages/index.html.erb within layouts/application (11.2ms)
Completed 200 OK in 31ms (Views: 29.2ms | ActiveRecord: 0.0ms)


Started GET "/" for ::1 at 2019-02-04 12:11:59 -0800
Processing by StaticPagesController#index as HTML
  Rendering static_pages/index.html.erb within layouts/application
  Rendered shared/_main_nav.html.erb (0.3ms)
  Rendered shared/_masthead.html.erb (0.2ms)
  Rendered shared/_sections_nav.html.erb (0.2ms)
  Rendered shared/_search_modal.html.erb (0.3ms)
  Rendered shared/_main_content.html.erb (0.4ms)
  Rendered static_pages/index.html.erb within layouts/application (14.7ms)
Completed 200 OK in 34ms (Views: 30.4ms | ActiveRecord: 0.0ms)


Started GET "/" for ::1 at 2019-02-04 12:12:00 -0800
Processing by StaticPagesController#index as HTML
  Rendering static_pages/index.html.erb within layouts/application
  Rendered shared/_main_nav.html.erb (0.3ms)
  Rendered shared/_masthead.html.erb (0.4ms)
  Rendered shared/_sections_nav.html.erb (0.2ms)
  Rendered shared/_search_modal.html.erb (0.2ms)
  Rendered shared/_main_content.html.erb (0.2ms)
  Rendered static_pages/index.html.erb within layouts/application (11.0ms)
Completed 200 OK in 28ms (Views: 25.7ms | ActiveRecord: 0.0ms)


Started GET "/" for ::1 at 2019-02-04 12:12:13 -0800
Processing by StaticPagesController#index as HTML
  Rendering static_pages/index.html.erb within layouts/application
  Rendered shared/_main_nav.html.erb (0.4ms)
  Rendered shared/_masthead.html.erb (0.2ms)
  Rendered shared/_sections_nav.html.erb (0.2ms)
  Rendered shared/_search_modal.html.erb (0.4ms)
  Rendered shared/_main_content.html.erb (0.3ms)
  Rendered static_pages/index.html.erb within layouts/application (13.7ms)
Completed 200 OK in 33ms (Views: 30.2ms | ActiveRecord: 0.0ms)


Started GET "/" for ::1 at 2019-02-04 12:12:14 -0800
Processing by StaticPagesController#index as HTML
  Rendering static_pages/index.html.erb within layouts/application
  Rendered shared/_main_nav.html.erb (0.3ms)
  Rendered shared/_masthead.html.erb (0.3ms)
  Rendered shared/_sections_nav.html.erb (0.2ms)
  Rendered shared/_search_modal.html.erb (0.2ms)
  Rendered shared/_main_content.html.erb (0.2ms)
  Rendered static_pages/index.html.erb within layouts/application (11.5ms)
Completed 200 OK in 28ms (Views: 25.8ms | ActiveRecord: 0.0ms)


Started GET "/" for ::1 at 2019-02-04 12:12:51 -0800
Processing by StaticPagesController#index as HTML
  Rendering static_pages/index.html.erb within layouts/application
  Rendered shared/_main_nav.html.erb (0.4ms)
  Rendered shared/_masthead.html.erb (0.2ms)
  Rendered shared/_sections_nav.html.erb (0.3ms)
  Rendered shared/_search_modal.html.erb (0.2ms)
  Rendered shared/_main_content.html.erb (0.3ms)
  Rendered static_pages/index.html.erb within layouts/application (12.9ms)
Completed 200 OK in 31ms (Views: 28.5ms | ActiveRecord: 0.0ms)


Started GET "/" for ::1 at 2019-02-04 12:12:52 -0800
Processing by StaticPagesController#index as HTML
  Rendering static_pages/index.html.erb within layouts/application
  Rendered shared/_main_nav.html.erb (0.2ms)
  Rendered shared/_masthead.html.erb (0.2ms)
  Rendered shared/_sections_nav.html.erb (0.2ms)
  Rendered shared/_search_modal.html.erb (0.2ms)
  Rendered shared/_main_content.html.erb (0.4ms)
  Rendered static_pages/index.html.erb within layouts/application (10.6ms)
Completed 200 OK in 28ms (Views: 26.0ms | ActiveRecord: 0.0ms)


Started GET "/" for ::1 at 2019-02-04 12:12:58 -0800
Processing by StaticPagesController#index as HTML
  Rendering static_pages/index.html.erb within layouts/application
  Rendered shared/_main_nav.html.erb (0.2ms)
  Rendered shared/_masthead.html.erb (0.3ms)
  Rendered shared/_sections_nav.html.erb (0.3ms)
  Rendered shared/_search_modal.html.erb (0.3ms)
  Rendered shared/_main_content.html.erb (0.3ms)
  Rendered static_pages/index.html.erb within layouts/application (14.1ms)
Completed 200 OK in 33ms (Views: 30.7ms | ActiveRecord: 0.0ms)


Started GET "/" for ::1 at 2019-02-04 12:12:58 -0800
Processing by StaticPagesController#index as HTML
  Rendering static_pages/index.html.erb within layouts/application
  Rendered shared/_main_nav.html.erb (0.3ms)
  Rendered shared/_masthead.html.erb (0.3ms)
  Rendered shared/_sections_nav.html.erb (0.2ms)
  Rendered shared/_search_modal.html.erb (0.2ms)
  Rendered shared/_main_content.html.erb (0.2ms)
  Rendered static_pages/index.html.erb within layouts/application (12.8ms)
Completed 200 OK in 33ms (Views: 30.1ms | ActiveRecord: 0.0ms)


Started GET "/" for ::1 at 2019-02-04 12:13:12 -0800
Processing by StaticPagesController#index as HTML
  Rendering static_pages/index.html.erb within layouts/application
  Rendered shared/_main_nav.html.erb (0.3ms)
  Rendered shared/_masthead.html.erb (0.2ms)
  Rendered shared/_sections_nav.html.erb (0.2ms)
  Rendered shared/_search_modal.html.erb (0.3ms)
  Rendered shared/_main_content.html.erb (0.2ms)
  Rendered static_pages/index.html.erb within layouts/application (12.1ms)
Completed 200 OK in 34ms (Views: 31.5ms | ActiveRecord: 0.0ms)


Started GET "/" for ::1 at 2019-02-04 12:13:13 -0800
Processing by StaticPagesController#index as HTML
  Rendering static_pages/index.html.erb within layouts/application
  Rendered shared/_main_nav.html.erb (0.3ms)
  Rendered shared/_masthead.html.erb (0.2ms)
  Rendered shared/_sections_nav.html.erb (0.2ms)
  Rendered shared/_search_modal.html.erb (0.2ms)
  Rendered shared/_main_content.html.erb (0.2ms)
  Rendered static_pages/index.html.erb within layouts/application (11.4ms)
Completed 200 OK in 29ms (Views: 26.6ms | ActiveRecord: 0.0ms)


Started GET "/" for ::1 at 2019-02-04 12:14:01 -0800
Processing by StaticPagesController#index as HTML
  Rendering static_pages/index.html.erb within layouts/application
  Rendered shared/_main_nav.html.erb (0.2ms)
  Rendered shared/_masthead.html.erb (0.3ms)
  Rendered shared/_sections_nav.html.erb (0.2ms)
  Rendered shared/_search_modal.html.erb (0.2ms)
  Rendered shared/_main_content.html.erb (0.2ms)
  Rendered static_pages/index.html.erb within layouts/application (11.5ms)
Completed 200 OK in 30ms (Views: 27.9ms | ActiveRecord: 0.0ms)


Started GET "/" for ::1 at 2019-02-04 12:14:02 -0800
Processing by StaticPagesController#index as HTML
  Rendering static_pages/index.html.erb within layouts/application
  Rendered shared/_main_nav.html.erb (0.3ms)
  Rendered shared/_masthead.html.erb (0.2ms)
  Rendered shared/_sections_nav.html.erb (0.2ms)
  Rendered shared/_search_modal.html.erb (0.2ms)
  Rendered shared/_main_content.html.erb (0.2ms)
  Rendered static_pages/index.html.erb within layouts/application (10.7ms)
Completed 200 OK in 32ms (Views: 28.9ms | ActiveRecord: 0.0ms)


Started GET "/assets/application.self-aaeeff7ab14c9578e7f18112930050e357a17854bf3d7d8a9ca3c25fdeb08902.css?body=1&livereload=1549311300307" for ::1 at 2019-02-04 12:15:00 -0800
Started GET "/assets/application.self-aaeeff7ab14c9578e7f18112930050e357a17854bf3d7d8a9ca3c25fdeb08902.css?body=1&livereload=1549311300309" for ::1 at 2019-02-04 12:15:00 -0800
Started GET "/assets/application.self-aaeeff7ab14c9578e7f18112930050e357a17854bf3d7d8a9ca3c25fdeb08902.css?body=1&livereload=1549311349177" for ::1 at 2019-02-04 12:15:49 -0800
Started GET "/assets/application.self-aaeeff7ab14c9578e7f18112930050e357a17854bf3d7d8a9ca3c25fdeb08902.css?body=1&livereload=1549311349178" for ::1 at 2019-02-04 12:15:49 -0800
Started GET "/assets/application.self-aaeeff7ab14c9578e7f18112930050e357a17854bf3d7d8a9ca3c25fdeb08902.css?body=1&livereload=1549311354422" for ::1 at 2019-02-04 12:15:54 -0800
Started GET "/assets/application.self-aaeeff7ab14c9578e7f18112930050e357a17854bf3d7d8a9ca3c25fdeb08902.css?body=1&livereload=1549311354422&livereload=1549311354422" for ::1 at 2019-02-04 12:15:54 -0800
Started GET "/assets/application.self-aaeeff7ab14c9578e7f18112930050e357a17854bf3d7d8a9ca3c25fdeb08902.css?body=1&livereload=1549311363171&livereload=1549311354422" for ::1 at 2019-02-04 12:16:03 -0800
Started GET "/assets/application.self-aaeeff7ab14c9578e7f18112930050e357a17854bf3d7d8a9ca3c25fdeb08902.css?body=1&livereload=1549311363172&livereload=1549311354422" for ::1 at 2019-02-04 12:16:03 -0800
Started GET "/assets/application.self-aaeeff7ab14c9578e7f18112930050e357a17854bf3d7d8a9ca3c25fdeb08902.css?body=1&livereload=1549311364643&livereload=1549311354422" for ::1 at 2019-02-04 12:16:04 -0800
Started GET "/assets/application.self-aaeeff7ab14c9578e7f18112930050e357a17854bf3d7d8a9ca3c25fdeb08902.css?body=1&livereload=1549311364644&livereload=1549311354422" for ::1 at 2019-02-04 12:16:04 -0800
Started GET "/assets/application.self-aaeeff7ab14c9578e7f18112930050e357a17854bf3d7d8a9ca3c25fdeb08902.css?body=1&livereload=1549311378595&livereload=1549311354422" for ::1 at 2019-02-04 12:16:18 -0800
Started GET "/assets/application.self-aaeeff7ab14c9578e7f18112930050e357a17854bf3d7d8a9ca3c25fdeb08902.css?body=1&livereload=1549311378596&livereload=1549311354422" for ::1 at 2019-02-04 12:16:18 -0800
Started GET "/assets/application.self-aaeeff7ab14c9578e7f18112930050e357a17854bf3d7d8a9ca3c25fdeb08902.css?body=1&livereload=1549311414166&livereload=1549311354422" for ::1 at 2019-02-04 12:16:54 -0800
Started GET "/assets/application.self-aaeeff7ab14c9578e7f18112930050e357a17854bf3d7d8a9ca3c25fdeb08902.css?body=1&livereload=1549311414168&livereload=1549311354422" for ::1 at 2019-02-04 12:16:54 -0800
Started GET "/assets/application.self-aaeeff7ab14c9578e7f18112930050e357a17854bf3d7d8a9ca3c25fdeb08902.css?body=1&livereload=1549311423442&livereload=1549311354422" for ::1 at 2019-02-04 12:17:03 -0800
Started GET "/assets/application.self-aaeeff7ab14c9578e7f18112930050e357a17854bf3d7d8a9ca3c25fdeb08902.css?body=1&livereload=1549311423444&livereload=1549311354422" for ::1 at 2019-02-04 12:17:03 -0800
Started GET "/assets/application.self-aaeeff7ab14c9578e7f18112930050e357a17854bf3d7d8a9ca3c25fdeb08902.css?body=1&livereload=1549311430069&livereload=1549311354422" for ::1 at 2019-02-04 12:17:10 -0800
Started GET "/assets/application.self-aaeeff7ab14c9578e7f18112930050e357a17854bf3d7d8a9ca3c25fdeb08902.css?body=1&livereload=1549311430070&livereload=1549311354422" for ::1 at 2019-02-04 12:17:10 -0800
Started GET "/" for ::1 at 2019-02-04 12:17:48 -0800
Processing by StaticPagesController#index as HTML
  Rendering static_pages/index.html.erb within layouts/application
  Rendered shared/_main_nav.html.erb (0.2ms)
  Rendered shared/_masthead.html.erb (0.2ms)
  Rendered shared/_sections_nav.html.erb (0.3ms)
  Rendered shared/_search_modal.html.erb (0.2ms)
  Rendered shared/_main_content.html.erb (0.2ms)
  Rendered static_pages/index.html.erb within layouts/application (15.2ms)
Completed 200 OK in 39ms (Views: 36.2ms | ActiveRecord: 0.0ms)


Started GET "/assets/jquery.self-bd7ddd393353a8d2480a622e80342adf488fb6006d667e8b42e4c0073393abee.js?body=1" for ::1 at 2019-02-04 12:17:48 -0800
Started GET "/assets/application.self-a7b63b90a61ee272b663797a4aa281e1a28098b2257ea28c3cce205cfe8f85a6.css?body=1" for ::1 at 2019-02-04 12:17:48 -0800
Started GET "/assets/jquery_ujs.self-784a997f6726036b1993eb2217c9cb558e1cbb801c6da88105588c56f13b466a.js?body=1" for ::1 at 2019-02-04 12:17:48 -0800
Started GET "/assets/components/dropdown.self-815016af6fab1d5b72abd319213bf62f0c42bab2c585d2e059543ae704a0d74c.js?body=1" for ::1 at 2019-02-04 12:17:48 -0800
Started GET "/assets/components/modal.self-52188644dbb47def5ee35ae02e69eb567ca9b664472357a8a5789dd39032a265.js?body=1" for ::1 at 2019-02-04 12:17:48 -0800
Started GET "/assets/components/sidebar.self-2a1277f850a6fa21e1a974ef5152f177ac05516477d5081d593bb137b3d6808b.js?body=1" for ::1 at 2019-02-04 12:17:48 -0800
Started GET "/assets/application.self-f571b9db02bf4ed04c38a6a29072ac382f7d4f47db1fab9817aeadb0d8665235.js?body=1" for ::1 at 2019-02-04 12:17:48 -0800
Started GET "/" for ::1 at 2019-02-04 12:17:48 -0800
Processing by StaticPagesController#index as HTML
  Rendering static_pages/index.html.erb within layouts/application
  Rendered shared/_main_nav.html.erb (0.5ms)
  Rendered shared/_masthead.html.erb (0.2ms)
  Rendered shared/_sections_nav.html.erb (0.3ms)
  Rendered shared/_search_modal.html.erb (0.3ms)
  Rendered shared/_main_content.html.erb (0.7ms)
  Rendered static_pages/index.html.erb within layouts/application (16.8ms)
Completed 200 OK in 40ms (Views: 37.4ms | ActiveRecord: 0.0ms)


Started GET "/" for ::1 at 2019-02-04 12:18:41 -0800
Processing by StaticPagesController#index as HTML
  Rendering static_pages/index.html.erb within layouts/application
  Rendered shared/_main_nav.html.erb (0.3ms)
  Rendered shared/_masthead.html.erb (0.2ms)
  Rendered shared/_sections_nav.html.erb (0.4ms)
  Rendered shared/_search_modal.html.erb (0.3ms)
  Rendered shared/_main_content.html.erb (0.2ms)
  Rendered static_pages/index.html.erb within layouts/application (13.7ms)
Completed 200 OK in 32ms (Views: 28.7ms | ActiveRecord: 0.0ms)


Started GET "/" for ::1 at 2019-02-04 12:18:42 -0800
Processing by StaticPagesController#index as HTML
  Rendering static_pages/index.html.erb within layouts/application
  Rendered shared/_main_nav.html.erb (0.2ms)
  Rendered shared/_masthead.html.erb (0.2ms)
  Rendered shared/_sections_nav.html.erb (0.2ms)
  Rendered shared/_search_modal.html.erb (0.2ms)
  Rendered shared/_main_content.html.erb (0.2ms)
  Rendered static_pages/index.html.erb within layouts/application (12.7ms)
Completed 200 OK in 33ms (Views: 30.0ms | ActiveRecord: 0.0ms)


Started GET "/assets/application.self-a7b63b90a61ee272b663797a4aa281e1a28098b2257ea28c3cce205cfe8f85a6.css?body=1&livereload=1549311530056" for ::1 at 2019-02-04 12:18:50 -0800
Started GET "/assets/application.self-a7b63b90a61ee272b663797a4aa281e1a28098b2257ea28c3cce205cfe8f85a6.css?body=1&livereload=1549311530058" for ::1 at 2019-02-04 12:18:50 -0800
Started GET "/assets/application.self-a7b63b90a61ee272b663797a4aa281e1a28098b2257ea28c3cce205cfe8f85a6.css?body=1&livereload=1549311535745" for ::1 at 2019-02-04 12:18:55 -0800
Started GET "/assets/application.self-a7b63b90a61ee272b663797a4aa281e1a28098b2257ea28c3cce205cfe8f85a6.css?body=1&livereload=1549311535746" for ::1 at 2019-02-04 12:18:55 -0800
Started GET "/assets/application.self-a7b63b90a61ee272b663797a4aa281e1a28098b2257ea28c3cce205cfe8f85a6.css?body=1&livereload=1549311552509" for ::1 at 2019-02-04 12:19:12 -0800
Started GET "/assets/application.self-a7b63b90a61ee272b663797a4aa281e1a28098b2257ea28c3cce205cfe8f85a6.css?body=1&livereload=1549311552509&livereload=1549311552509" for ::1 at 2019-02-04 12:19:12 -0800
Started GET "/assets/application.self-a7b63b90a61ee272b663797a4aa281e1a28098b2257ea28c3cce205cfe8f85a6.css?body=1&livereload=1549319221165&livereload=1549311552509" for ::1 at 2019-02-04 14:27:01 -0800
Started GET "/assets/application.self-a7b63b90a61ee272b663797a4aa281e1a28098b2257ea28c3cce205cfe8f85a6.css?body=1&livereload=1549319221168&livereload=1549311552509" for ::1 at 2019-02-04 14:27:01 -0800
Started GET "/assets/application.self-a7b63b90a61ee272b663797a4aa281e1a28098b2257ea28c3cce205cfe8f85a6.css?body=1&livereload=1549319231376&livereload=1549311552509" for ::1 at 2019-02-04 14:27:11 -0800
Started GET "/assets/application.self-a7b63b90a61ee272b663797a4aa281e1a28098b2257ea28c3cce205cfe8f85a6.css?body=1&livereload=1549319231378&livereload=1549311552509" for ::1 at 2019-02-04 14:27:11 -0800
Started GET "/assets/application.self-a7b63b90a61ee272b663797a4aa281e1a28098b2257ea28c3cce205cfe8f85a6.css?body=1&livereload=1549319236988&livereload=1549311552509" for ::1 at 2019-02-04 14:27:16 -0800
Started GET "/assets/application.self-a7b63b90a61ee272b663797a4aa281e1a28098b2257ea28c3cce205cfe8f85a6.css?body=1&livereload=1549319236989&livereload=1549311552509" for ::1 at 2019-02-04 14:27:16 -0800
Started GET "/assets/application.self-a7b63b90a61ee272b663797a4aa281e1a28098b2257ea28c3cce205cfe8f85a6.css?body=1&livereload=1549319239554&livereload=1549311552509" for ::1 at 2019-02-04 14:27:19 -0800
Started GET "/assets/application.self-a7b63b90a61ee272b663797a4aa281e1a28098b2257ea28c3cce205cfe8f85a6.css?body=1&livereload=1549319239556&livereload=1549311552509" for ::1 at 2019-02-04 14:27:19 -0800
Started GET "/assets/application.self-a7b63b90a61ee272b663797a4aa281e1a28098b2257ea28c3cce205cfe8f85a6.css?body=1&livereload=1549319245001&livereload=1549311552509" for ::1 at 2019-02-04 14:27:25 -0800
Started GET "/assets/application.self-a7b63b90a61ee272b663797a4aa281e1a28098b2257ea28c3cce205cfe8f85a6.css?body=1&livereload=1549319245002&livereload=1549311552509" for ::1 at 2019-02-04 14:27:25 -0800
Started GET "/assets/application.self-a7b63b90a61ee272b663797a4aa281e1a28098b2257ea28c3cce205cfe8f85a6.css?body=1&livereload=1549319374721&livereload=1549311552509" for ::1 at 2019-02-04 14:29:34 -0800
Started GET "/assets/application.self-a7b63b90a61ee272b663797a4aa281e1a28098b2257ea28c3cce205cfe8f85a6.css?body=1&livereload=1549319374722&livereload=1549311552509" for ::1 at 2019-02-04 14:29:34 -0800
Started GET "/assets/application.self-a7b63b90a61ee272b663797a4aa281e1a28098b2257ea28c3cce205cfe8f85a6.css?body=1&livereload=1549319381637&livereload=1549311552509" for ::1 at 2019-02-04 14:29:41 -0800
Started GET "/assets/application.self-a7b63b90a61ee272b663797a4aa281e1a28098b2257ea28c3cce205cfe8f85a6.css?body=1&livereload=1549319381639&livereload=1549311552509" for ::1 at 2019-02-04 14:29:41 -0800
Started GET "/assets/application.self-a7b63b90a61ee272b663797a4aa281e1a28098b2257ea28c3cce205cfe8f85a6.css?body=1&livereload=1549319459610&livereload=1549311552509" for ::1 at 2019-02-04 14:30:59 -0800
Started GET "/assets/application.self-a7b63b90a61ee272b663797a4aa281e1a28098b2257ea28c3cce205cfe8f85a6.css?body=1&livereload=1549319459611&livereload=1549311552509" for ::1 at 2019-02-04 14:30:59 -0800
Started GET "/assets/application.self-a7b63b90a61ee272b663797a4aa281e1a28098b2257ea28c3cce205cfe8f85a6.css?body=1&livereload=1549319475976&livereload=1549311552509" for ::1 at 2019-02-04 14:31:15 -0800
Started GET "/assets/application.self-a7b63b90a61ee272b663797a4aa281e1a28098b2257ea28c3cce205cfe8f85a6.css?body=1&livereload=1549319475977&livereload=1549311552509" for ::1 at 2019-02-04 14:31:15 -0800
Started GET "/assets/application.self-a7b63b90a61ee272b663797a4aa281e1a28098b2257ea28c3cce205cfe8f85a6.css?body=1&livereload=1549319556080&livereload=1549311552509" for ::1 at 2019-02-04 14:32:36 -0800
Started GET "/assets/application.self-a7b63b90a61ee272b663797a4aa281e1a28098b2257ea28c3cce205cfe8f85a6.css?body=1&livereload=1549319556081&livereload=1549311552509" for ::1 at 2019-02-04 14:32:36 -0800
Started GET "/assets/application.self-a7b63b90a61ee272b663797a4aa281e1a28098b2257ea28c3cce205cfe8f85a6.css?body=1&livereload=1549319618256&livereload=1549311552509" for ::1 at 2019-02-04 14:33:38 -0800
Started GET "/assets/application.self-a7b63b90a61ee272b663797a4aa281e1a28098b2257ea28c3cce205cfe8f85a6.css?body=1&livereload=1549319618258&livereload=1549311552509" for ::1 at 2019-02-04 14:33:38 -0800
Started GET "/assets/application.self-a7b63b90a61ee272b663797a4aa281e1a28098b2257ea28c3cce205cfe8f85a6.css?body=1&livereload=1549319679513&livereload=1549311552509" for ::1 at 2019-02-04 14:34:39 -0800
Started GET "/assets/application.self-a7b63b90a61ee272b663797a4aa281e1a28098b2257ea28c3cce205cfe8f85a6.css?body=1&livereload=1549319679514&livereload=1549311552509" for ::1 at 2019-02-04 14:34:39 -0800
Started GET "/assets/application.self-a7b63b90a61ee272b663797a4aa281e1a28098b2257ea28c3cce205cfe8f85a6.css?body=1&livereload=1549319701489&livereload=1549311552509" for ::1 at 2019-02-04 14:35:01 -0800
Started GET "/assets/application.self-a7b63b90a61ee272b663797a4aa281e1a28098b2257ea28c3cce205cfe8f85a6.css?body=1&livereload=1549319701489&livereload=1549311552509&livereload=1549319701489" for ::1 at 2019-02-04 14:35:01 -0800
Started GET "/assets/application.self-a7b63b90a61ee272b663797a4aa281e1a28098b2257ea28c3cce205cfe8f85a6.css?body=1&livereload=1549319776423&livereload=1549311552509&livereload=1549319701489" for ::1 at 2019-02-04 14:36:16 -0800
Started GET "/assets/application.self-a7b63b90a61ee272b663797a4aa281e1a28098b2257ea28c3cce205cfe8f85a6.css?body=1&livereload=1549319776424&livereload=1549311552509&livereload=1549319701489" for ::1 at 2019-02-04 14:36:16 -0800
Started GET "/assets/application.self-a7b63b90a61ee272b663797a4aa281e1a28098b2257ea28c3cce205cfe8f85a6.css?body=1&livereload=1549319789766&livereload=1549311552509&livereload=1549319701489" for ::1 at 2019-02-04 14:36:29 -0800
Started GET "/assets/application.self-a7b63b90a61ee272b663797a4aa281e1a28098b2257ea28c3cce205cfe8f85a6.css?body=1&livereload=1549319789767&livereload=1549311552509&livereload=1549319701489" for ::1 at 2019-02-04 14:36:29 -0800
Started GET "/assets/application.self-a7b63b90a61ee272b663797a4aa281e1a28098b2257ea28c3cce205cfe8f85a6.css?body=1&livereload=1549319902285&livereload=1549311552509&livereload=1549319701489" for ::1 at 2019-02-04 14:38:22 -0800
Started GET "/assets/application.self-a7b63b90a61ee272b663797a4aa281e1a28098b2257ea28c3cce205cfe8f85a6.css?body=1&livereload=1549319902287&livereload=1549311552509&livereload=1549319701489" for ::1 at 2019-02-04 14:38:22 -0800
Started GET "/assets/application.self-a7b63b90a61ee272b663797a4aa281e1a28098b2257ea28c3cce205cfe8f85a6.css?body=1&livereload=1549319935471&livereload=1549311552509&livereload=1549319701489" for ::1 at 2019-02-04 14:38:55 -0800
Started GET "/assets/application.self-a7b63b90a61ee272b663797a4aa281e1a28098b2257ea28c3cce205cfe8f85a6.css?body=1&livereload=1549319935472&livereload=1549311552509&livereload=1549319701489" for ::1 at 2019-02-04 14:38:55 -0800
Started GET "/assets/application.self-a7b63b90a61ee272b663797a4aa281e1a28098b2257ea28c3cce205cfe8f85a6.css?body=1&livereload=1549319958043&livereload=1549311552509&livereload=1549319701489" for ::1 at 2019-02-04 14:39:18 -0800
Started GET "/assets/application.self-a7b63b90a61ee272b663797a4aa281e1a28098b2257ea28c3cce205cfe8f85a6.css?body=1&livereload=1549319958045&livereload=1549311552509&livereload=1549319701489" for ::1 at 2019-02-04 14:39:18 -0800
Started GET "/assets/application.self-a7b63b90a61ee272b663797a4aa281e1a28098b2257ea28c3cce205cfe8f85a6.css?body=1&livereload=1549319993391&livereload=1549311552509&livereload=1549319701489" for ::1 at 2019-02-04 14:39:53 -0800
Started GET "/assets/application.self-a7b63b90a61ee272b663797a4aa281e1a28098b2257ea28c3cce205cfe8f85a6.css?body=1&livereload=1549319993393&livereload=1549311552509&livereload=1549319701489" for ::1 at 2019-02-04 14:39:53 -0800
Started GET "/assets/application.self-a7b63b90a61ee272b663797a4aa281e1a28098b2257ea28c3cce205cfe8f85a6.css?body=1&livereload=1549319997984&livereload=1549311552509&livereload=1549319701489" for ::1 at 2019-02-04 14:39:57 -0800
Started GET "/assets/application.self-a7b63b90a61ee272b663797a4aa281e1a28098b2257ea28c3cce205cfe8f85a6.css?body=1&livereload=1549319997986&livereload=1549311552509&livereload=1549319701489" for ::1 at 2019-02-04 14:39:57 -0800
Started GET "/assets/application.self-a7b63b90a61ee272b663797a4aa281e1a28098b2257ea28c3cce205cfe8f85a6.css?body=1&livereload=1549320001479&livereload=1549311552509&livereload=1549319701489" for ::1 at 2019-02-04 14:40:01 -0800
Started GET "/assets/application.self-a7b63b90a61ee272b663797a4aa281e1a28098b2257ea28c3cce205cfe8f85a6.css?body=1&livereload=1549320001480&livereload=1549311552509&livereload=1549319701489" for ::1 at 2019-02-04 14:40:01 -0800
Started GET "/assets/application.self-a7b63b90a61ee272b663797a4aa281e1a28098b2257ea28c3cce205cfe8f85a6.css?body=1&livereload=1549320006906&livereload=1549311552509&livereload=1549319701489" for ::1 at 2019-02-04 14:40:06 -0800
Started GET "/assets/application.self-a7b63b90a61ee272b663797a4aa281e1a28098b2257ea28c3cce205cfe8f85a6.css?body=1&livereload=1549320006906&livereload=1549311552509&livereload=1549319701489&livereload=1549320006906" for ::1 at 2019-02-04 14:40:06 -0800
Started GET "/assets/application.self-a7b63b90a61ee272b663797a4aa281e1a28098b2257ea28c3cce205cfe8f85a6.css?body=1&livereload=1549320011592&livereload=1549311552509&livereload=1549319701489&livereload=1549320006906" for ::1 at 2019-02-04 14:40:11 -0800
Started GET "/assets/application.self-a7b63b90a61ee272b663797a4aa281e1a28098b2257ea28c3cce205cfe8f85a6.css?body=1&livereload=1549320011593&livereload=1549311552509&livereload=1549319701489&livereload=1549320006906" for ::1 at 2019-02-04 14:40:11 -0800
Started GET "/assets/application.self-a7b63b90a61ee272b663797a4aa281e1a28098b2257ea28c3cce205cfe8f85a6.css?body=1&livereload=1549320014255&livereload=1549311552509&livereload=1549319701489&livereload=1549320006906" for ::1 at 2019-02-04 14:40:14 -0800
Started GET "/assets/application.self-a7b63b90a61ee272b663797a4aa281e1a28098b2257ea28c3cce205cfe8f85a6.css?body=1&livereload=1549320014256&livereload=1549311552509&livereload=1549319701489&livereload=1549320006906" for ::1 at 2019-02-04 14:40:14 -0800
Started GET "/assets/application.self-a7b63b90a61ee272b663797a4aa281e1a28098b2257ea28c3cce205cfe8f85a6.css?body=1&livereload=1549320018106&livereload=1549311552509&livereload=1549319701489&livereload=1549320006906" for ::1 at 2019-02-04 14:40:18 -0800
Started GET "/assets/application.self-a7b63b90a61ee272b663797a4aa281e1a28098b2257ea28c3cce205cfe8f85a6.css?body=1&livereload=1549320018107&livereload=1549311552509&livereload=1549319701489&livereload=1549320006906" for ::1 at 2019-02-04 14:40:18 -0800
Started GET "/assets/application.self-a7b63b90a61ee272b663797a4aa281e1a28098b2257ea28c3cce205cfe8f85a6.css?body=1&livereload=1549320021509&livereload=1549311552509&livereload=1549319701489&livereload=1549320006906" for ::1 at 2019-02-04 14:40:21 -0800
Started GET "/assets/application.self-a7b63b90a61ee272b663797a4aa281e1a28098b2257ea28c3cce205cfe8f85a6.css?body=1&livereload=1549320021510&livereload=1549311552509&livereload=1549319701489&livereload=1549320006906" for ::1 at 2019-02-04 14:40:21 -0800
Started GET "/assets/application.self-a7b63b90a61ee272b663797a4aa281e1a28098b2257ea28c3cce205cfe8f85a6.css?body=1&livereload=1549320024534&livereload=1549311552509&livereload=1549319701489&livereload=1549320006906" for ::1 at 2019-02-04 14:40:24 -0800
Started GET "/assets/application.self-a7b63b90a61ee272b663797a4aa281e1a28098b2257ea28c3cce205cfe8f85a6.css?body=1&livereload=1549320024535&livereload=1549311552509&livereload=1549319701489&livereload=1549320006906" for ::1 at 2019-02-04 14:40:24 -0800
Started GET "/assets/application.self-a7b63b90a61ee272b663797a4aa281e1a28098b2257ea28c3cce205cfe8f85a6.css?body=1&livereload=1549320084005&livereload=1549311552509&livereload=1549319701489&livereload=1549320006906" for ::1 at 2019-02-04 14:41:24 -0800
Started GET "/assets/application.self-a7b63b90a61ee272b663797a4aa281e1a28098b2257ea28c3cce205cfe8f85a6.css?body=1&livereload=1549320084006&livereload=1549311552509&livereload=1549319701489&livereload=1549320006906" for ::1 at 2019-02-04 14:41:24 -0800
Started GET "/assets/application.self-a7b63b90a61ee272b663797a4aa281e1a28098b2257ea28c3cce205cfe8f85a6.css?body=1&livereload=1549320094571&livereload=1549311552509&livereload=1549319701489&livereload=1549320006906" for ::1 at 2019-02-04 14:41:34 -0800
Started GET "/assets/application.self-a7b63b90a61ee272b663797a4aa281e1a28098b2257ea28c3cce205cfe8f85a6.css?body=1&livereload=1549320094572&livereload=1549311552509&livereload=1549319701489&livereload=1549320006906" for ::1 at 2019-02-04 14:41:34 -0800
Started GET "/assets/application.self-a7b63b90a61ee272b663797a4aa281e1a28098b2257ea28c3cce205cfe8f85a6.css?body=1&livereload=1549320191262&livereload=1549311552509&livereload=1549319701489&livereload=1549320006906" for ::1 at 2019-02-04 14:43:11 -0800
Started GET "/assets/application.self-a7b63b90a61ee272b663797a4aa281e1a28098b2257ea28c3cce205cfe8f85a6.css?body=1&livereload=1549320191264&livereload=1549311552509&livereload=1549319701489&livereload=1549320006906" for ::1 at 2019-02-04 14:43:11 -0800
Started GET "/assets/application.self-a7b63b90a61ee272b663797a4aa281e1a28098b2257ea28c3cce205cfe8f85a6.css?body=1&livereload=1549320349411&livereload=1549311552509&livereload=1549319701489&livereload=1549320006906" for ::1 at 2019-02-04 14:45:49 -0800
Started GET "/assets/application.self-a7b63b90a61ee272b663797a4aa281e1a28098b2257ea28c3cce205cfe8f85a6.css?body=1&livereload=1549320349413&livereload=1549311552509&livereload=1549319701489&livereload=1549320006906" for ::1 at 2019-02-04 14:45:49 -0800
Started GET "/assets/application.self-a7b63b90a61ee272b663797a4aa281e1a28098b2257ea28c3cce205cfe8f85a6.css?body=1&livereload=1549320363505&livereload=1549311552509&livereload=1549319701489&livereload=1549320006906" for ::1 at 2019-02-04 14:46:03 -0800
Started GET "/assets/application.self-a7b63b90a61ee272b663797a4aa281e1a28098b2257ea28c3cce205cfe8f85a6.css?body=1&livereload=1549320363506&livereload=1549311552509&livereload=1549319701489&livereload=1549320006906" for ::1 at 2019-02-04 14:46:03 -0800
Started GET "/assets/application.self-a7b63b90a61ee272b663797a4aa281e1a28098b2257ea28c3cce205cfe8f85a6.css?body=1&livereload=1549320384214&livereload=1549311552509&livereload=1549319701489&livereload=1549320006906" for ::1 at 2019-02-04 14:46:24 -0800
Started GET "/assets/application.self-a7b63b90a61ee272b663797a4aa281e1a28098b2257ea28c3cce205cfe8f85a6.css?body=1&livereload=1549320384215&livereload=1549311552509&livereload=1549319701489&livereload=1549320006906" for ::1 at 2019-02-04 14:46:24 -0800
Started GET "/assets/application.self-a7b63b90a61ee272b663797a4aa281e1a28098b2257ea28c3cce205cfe8f85a6.css?body=1&livereload=1549320387272&livereload=1549311552509&livereload=1549319701489&livereload=1549320006906" for ::1 at 2019-02-04 14:46:27 -0800
Started GET "/assets/application.self-a7b63b90a61ee272b663797a4aa281e1a28098b2257ea28c3cce205cfe8f85a6.css?body=1&livereload=1549320387274&livereload=1549311552509&livereload=1549319701489&livereload=1549320006906" for ::1 at 2019-02-04 14:46:27 -0800
Started GET "/assets/application.self-a7b63b90a61ee272b663797a4aa281e1a28098b2257ea28c3cce205cfe8f85a6.css?body=1&livereload=1549320410016&livereload=1549311552509&livereload=1549319701489&livereload=1549320006906" for ::1 at 2019-02-04 14:46:50 -0800
Started GET "/assets/application.self-a7b63b90a61ee272b663797a4aa281e1a28098b2257ea28c3cce205cfe8f85a6.css?body=1&livereload=1549320410017&livereload=1549311552509&livereload=1549319701489&livereload=1549320006906" for ::1 at 2019-02-04 14:46:50 -0800
Started GET "/assets/application.self-a7b63b90a61ee272b663797a4aa281e1a28098b2257ea28c3cce205cfe8f85a6.css?body=1&livereload=1549320489209&livereload=1549311552509&livereload=1549319701489&livereload=1549320006906" for ::1 at 2019-02-04 14:48:09 -0800
Started GET "/assets/application.self-a7b63b90a61ee272b663797a4aa281e1a28098b2257ea28c3cce205cfe8f85a6.css?body=1&livereload=1549320489211&livereload=1549311552509&livereload=1549319701489&livereload=1549320006906" for ::1 at 2019-02-04 14:48:09 -0800
Started GET "/assets/application.self-a7b63b90a61ee272b663797a4aa281e1a28098b2257ea28c3cce205cfe8f85a6.css?body=1&livereload=1549320598425&livereload=1549311552509&livereload=1549319701489&livereload=1549320006906" for ::1 at 2019-02-04 14:49:58 -0800
Started GET "/assets/application.self-a7b63b90a61ee272b663797a4aa281e1a28098b2257ea28c3cce205cfe8f85a6.css?body=1&livereload=1549320598427&livereload=1549311552509&livereload=1549319701489&livereload=1549320006906" for ::1 at 2019-02-04 14:49:58 -0800
Started GET "/assets/application.self-a7b63b90a61ee272b663797a4aa281e1a28098b2257ea28c3cce205cfe8f85a6.css?body=1&livereload=1549320617041&livereload=1549311552509&livereload=1549319701489&livereload=1549320006906" for ::1 at 2019-02-04 14:50:17 -0800
Started GET "/assets/application.self-a7b63b90a61ee272b663797a4aa281e1a28098b2257ea28c3cce205cfe8f85a6.css?body=1&livereload=1549320617042&livereload=1549311552509&livereload=1549319701489&livereload=1549320006906" for ::1 at 2019-02-04 14:50:17 -0800
Started GET "/assets/application.self-a7b63b90a61ee272b663797a4aa281e1a28098b2257ea28c3cce205cfe8f85a6.css?body=1&livereload=1549320624692&livereload=1549311552509&livereload=1549319701489&livereload=1549320006906" for ::1 at 2019-02-04 14:50:24 -0800
Started GET "/assets/application.self-a7b63b90a61ee272b663797a4aa281e1a28098b2257ea28c3cce205cfe8f85a6.css?body=1&livereload=1549320624694&livereload=1549311552509&livereload=1549319701489&livereload=1549320006906" for ::1 at 2019-02-04 14:50:24 -0800
Started GET "/assets/application.self-a7b63b90a61ee272b663797a4aa281e1a28098b2257ea28c3cce205cfe8f85a6.css?body=1&livereload=1549320677789&livereload=1549311552509&livereload=1549319701489&livereload=1549320006906" for ::1 at 2019-02-04 14:51:17 -0800
Started GET "/assets/application.self-a7b63b90a61ee272b663797a4aa281e1a28098b2257ea28c3cce205cfe8f85a6.css?body=1&livereload=1549320677790&livereload=1549311552509&livereload=1549319701489&livereload=1549320006906" for ::1 at 2019-02-04 14:51:17 -0800
Started GET "/assets/application.self-a7b63b90a61ee272b663797a4aa281e1a28098b2257ea28c3cce205cfe8f85a6.css?body=1&livereload=1549320721724&livereload=1549311552509&livereload=1549319701489&livereload=1549320006906" for ::1 at 2019-02-04 14:52:01 -0800
Started GET "/assets/application.self-a7b63b90a61ee272b663797a4aa281e1a28098b2257ea28c3cce205cfe8f85a6.css?body=1&livereload=1549320721726&livereload=1549311552509&livereload=1549319701489&livereload=1549320006906" for ::1 at 2019-02-04 14:52:01 -0800
Started GET "/assets/application.self-a7b63b90a61ee272b663797a4aa281e1a28098b2257ea28c3cce205cfe8f85a6.css?body=1&livereload=1549320786352&livereload=1549311552509&livereload=1549319701489&livereload=1549320006906" for ::1 at 2019-02-04 14:53:06 -0800
Started GET "/assets/application.self-a7b63b90a61ee272b663797a4aa281e1a28098b2257ea28c3cce205cfe8f85a6.css?body=1&livereload=1549320786353&livereload=1549311552509&livereload=1549319701489&livereload=1549320006906" for ::1 at 2019-02-04 14:53:06 -0800
Started GET "/assets/application.self-a7b63b90a61ee272b663797a4aa281e1a28098b2257ea28c3cce205cfe8f85a6.css?body=1&livereload=1549320811198&livereload=1549311552509&livereload=1549319701489&livereload=1549320006906" for ::1 at 2019-02-04 14:53:31 -0800
Started GET "/assets/application.self-a7b63b90a61ee272b663797a4aa281e1a28098b2257ea28c3cce205cfe8f85a6.css?body=1&livereload=1549320811202&livereload=1549311552509&livereload=1549319701489&livereload=1549320006906" for ::1 at 2019-02-04 14:53:31 -0800
Started GET "/" for ::1 at 2019-02-04 14:53:36 -0800
Processing by StaticPagesController#index as HTML
  Rendering static_pages/index.html.erb within layouts/application
  Rendered shared/_main_nav.html.erb (0.7ms)
  Rendered shared/_masthead.html.erb (0.3ms)
  Rendered shared/_sections_nav.html.erb (0.4ms)
  Rendered shared/_search_modal.html.erb (0.3ms)
  Rendered shared/_main_content.html.erb (0.3ms)
  Rendered static_pages/index.html.erb within layouts/application (20.5ms)
Completed 200 OK in 60ms (Views: 57.1ms | ActiveRecord: 0.0ms)


Started GET "/assets/application.self-9de2d13c6a195fc459ebd0858985dde46681a44d0e5dac05d0188ad84225972b.css?body=1" for ::1 at 2019-02-04 14:53:36 -0800
Started GET "/assets/jquery.self-bd7ddd393353a8d2480a622e80342adf488fb6006d667e8b42e4c0073393abee.js?body=1" for ::1 at 2019-02-04 14:53:36 -0800
Started GET "/assets/jquery_ujs.self-784a997f6726036b1993eb2217c9cb558e1cbb801c6da88105588c56f13b466a.js?body=1" for ::1 at 2019-02-04 14:53:36 -0800
Started GET "/assets/components/dropdown.self-815016af6fab1d5b72abd319213bf62f0c42bab2c585d2e059543ae704a0d74c.js?body=1" for ::1 at 2019-02-04 14:53:36 -0800
Started GET "/assets/components/modal.self-52188644dbb47def5ee35ae02e69eb567ca9b664472357a8a5789dd39032a265.js?body=1" for ::1 at 2019-02-04 14:53:36 -0800
Started GET "/assets/components/sidebar.self-2a1277f850a6fa21e1a974ef5152f177ac05516477d5081d593bb137b3d6808b.js?body=1" for ::1 at 2019-02-04 14:53:36 -0800
Started GET "/assets/application.self-f571b9db02bf4ed04c38a6a29072ac382f7d4f47db1fab9817aeadb0d8665235.js?body=1" for ::1 at 2019-02-04 14:53:36 -0800
Started GET "/assets/application.self-9de2d13c6a195fc459ebd0858985dde46681a44d0e5dac05d0188ad84225972b.css?body=1&livereload=1549320827655" for ::1 at 2019-02-04 14:53:47 -0800
Started GET "/assets/application.self-9de2d13c6a195fc459ebd0858985dde46681a44d0e5dac05d0188ad84225972b.css?body=1&livereload=1549320827657" for ::1 at 2019-02-04 14:53:47 -0800
Started GET "/assets/application.self-9de2d13c6a195fc459ebd0858985dde46681a44d0e5dac05d0188ad84225972b.css?body=1&livereload=1549320834470" for ::1 at 2019-02-04 14:53:54 -0800
Started GET "/assets/application.self-9de2d13c6a195fc459ebd0858985dde46681a44d0e5dac05d0188ad84225972b.css?body=1&livereload=1549320834472" for ::1 at 2019-02-04 14:53:54 -0800
Started GET "/assets/application.self-9de2d13c6a195fc459ebd0858985dde46681a44d0e5dac05d0188ad84225972b.css?body=1&livereload=1549320839818" for ::1 at 2019-02-04 14:53:59 -0800
Started GET "/assets/application.self-9de2d13c6a195fc459ebd0858985dde46681a44d0e5dac05d0188ad84225972b.css?body=1&livereload=1549320839819" for ::1 at 2019-02-04 14:53:59 -0800
Started GET "/" for ::1 at 2019-02-04 14:54:01 -0800
Processing by StaticPagesController#index as HTML
  Rendering static_pages/index.html.erb within layouts/application
  Rendered shared/_main_nav.html.erb (0.3ms)
  Rendered shared/_masthead.html.erb (0.3ms)
  Rendered shared/_sections_nav.html.erb (0.2ms)
  Rendered shared/_search_modal.html.erb (0.3ms)
  Rendered shared/_main_content.html.erb (0.4ms)
  Rendered static_pages/index.html.erb within layouts/application (12.6ms)
Completed 200 OK in 37ms (Views: 35.2ms | ActiveRecord: 0.0ms)


Started GET "/assets/jquery.self-bd7ddd393353a8d2480a622e80342adf488fb6006d667e8b42e4c0073393abee.js?body=1" for ::1 at 2019-02-04 14:54:01 -0800
Started GET "/assets/jquery_ujs.self-784a997f6726036b1993eb2217c9cb558e1cbb801c6da88105588c56f13b466a.js?body=1" for ::1 at 2019-02-04 14:54:01 -0800
Started GET "/assets/components/modal.self-52188644dbb47def5ee35ae02e69eb567ca9b664472357a8a5789dd39032a265.js?body=1" for ::1 at 2019-02-04 14:54:01 -0800
Started GET "/assets/components/dropdown.self-815016af6fab1d5b72abd319213bf62f0c42bab2c585d2e059543ae704a0d74c.js?body=1" for ::1 at 2019-02-04 14:54:01 -0800
Started GET "/assets/application.self-f844c6691a4c8dbf862e1d55c6e9ebb56c6ecde4b63821f9c2085ba2a4a70bf8.css?body=1" for ::1 at 2019-02-04 14:54:01 -0800
Started GET "/assets/components/sidebar.self-2a1277f850a6fa21e1a974ef5152f177ac05516477d5081d593bb137b3d6808b.js?body=1" for ::1 at 2019-02-04 14:54:01 -0800
Started GET "/assets/application.self-f571b9db02bf4ed04c38a6a29072ac382f7d4f47db1fab9817aeadb0d8665235.js?body=1" for ::1 at 2019-02-04 14:54:01 -0800
Started GET "/assets/application.self-f844c6691a4c8dbf862e1d55c6e9ebb56c6ecde4b63821f9c2085ba2a4a70bf8.css?body=1&livereload=1549320848953" for ::1 at 2019-02-04 14:54:08 -0800
Started GET "/assets/application.self-f844c6691a4c8dbf862e1d55c6e9ebb56c6ecde4b63821f9c2085ba2a4a70bf8.css?body=1&livereload=1549320848951" for ::1 at 2019-02-04 14:54:08 -0800
Started GET "/assets/application.self-f844c6691a4c8dbf862e1d55c6e9ebb56c6ecde4b63821f9c2085ba2a4a70bf8.css?body=1&livereload=1549320855662" for ::1 at 2019-02-04 14:54:15 -0800
Started GET "/assets/application.self-f844c6691a4c8dbf862e1d55c6e9ebb56c6ecde4b63821f9c2085ba2a4a70bf8.css?body=1&livereload=1549320855664" for ::1 at 2019-02-04 14:54:15 -0800
Started GET "/assets/application.self-f844c6691a4c8dbf862e1d55c6e9ebb56c6ecde4b63821f9c2085ba2a4a70bf8.css?body=1&livereload=1549320887750" for ::1 at 2019-02-04 14:54:47 -0800
Started GET "/assets/application.self-f844c6691a4c8dbf862e1d55c6e9ebb56c6ecde4b63821f9c2085ba2a4a70bf8.css?body=1&livereload=1549320887751" for ::1 at 2019-02-04 14:54:47 -0800
Started GET "/assets/application.self-f844c6691a4c8dbf862e1d55c6e9ebb56c6ecde4b63821f9c2085ba2a4a70bf8.css?body=1&livereload=1549320950574" for ::1 at 2019-02-04 14:55:50 -0800
Started GET "/assets/application.self-f844c6691a4c8dbf862e1d55c6e9ebb56c6ecde4b63821f9c2085ba2a4a70bf8.css?body=1&livereload=1549320950575" for ::1 at 2019-02-04 14:55:50 -0800
Started GET "/assets/application.self-f844c6691a4c8dbf862e1d55c6e9ebb56c6ecde4b63821f9c2085ba2a4a70bf8.css?body=1&livereload=1549320954077" for ::1 at 2019-02-04 14:55:54 -0800
Started GET "/assets/application.self-f844c6691a4c8dbf862e1d55c6e9ebb56c6ecde4b63821f9c2085ba2a4a70bf8.css?body=1&livereload=1549320954079" for ::1 at 2019-02-04 14:55:54 -0800
Started GET "/assets/application.self-f844c6691a4c8dbf862e1d55c6e9ebb56c6ecde4b63821f9c2085ba2a4a70bf8.css?body=1&livereload=1549320959511" for ::1 at 2019-02-04 14:55:59 -0800
Started GET "/assets/application.self-f844c6691a4c8dbf862e1d55c6e9ebb56c6ecde4b63821f9c2085ba2a4a70bf8.css?body=1&livereload=1549320959512" for ::1 at 2019-02-04 14:55:59 -0800
Started GET "/" for ::1 at 2019-02-04 14:56:53 -0800
Processing by StaticPagesController#index as HTML
  Rendering static_pages/index.html.erb within layouts/application
  Rendered shared/_main_nav.html.erb (0.3ms)
  Rendered shared/_masthead.html.erb (0.2ms)
  Rendered shared/_sections_nav.html.erb (0.4ms)
  Rendered shared/_search_modal.html.erb (0.7ms)
  Rendered shared/_main_content.html.erb (0.4ms)
  Rendered static_pages/index.html.erb within layouts/application (15.7ms)
Completed 200 OK in 49ms (Views: 45.5ms | ActiveRecord: 0.0ms)


Started GET "/assets/application.self-fc5f1fd9b2fc3b1e0d102568c4dc72bedfe6388a791358da90daca4c4fd48094.css?body=1" for ::1 at 2019-02-04 14:56:53 -0800
Started GET "/assets/application.self-fc5f1fd9b2fc3b1e0d102568c4dc72bedfe6388a791358da90daca4c4fd48094.css?body=1&livereload=1549321024296" for ::1 at 2019-02-04 14:57:04 -0800
Started GET "/assets/application.self-fc5f1fd9b2fc3b1e0d102568c4dc72bedfe6388a791358da90daca4c4fd48094.css?body=1&livereload=1549321024300" for ::1 at 2019-02-04 14:57:04 -0800
Started GET "/assets/application.self-fc5f1fd9b2fc3b1e0d102568c4dc72bedfe6388a791358da90daca4c4fd48094.css?body=1&livereload=1549321029835" for ::1 at 2019-02-04 14:57:09 -0800
Started GET "/assets/application.self-fc5f1fd9b2fc3b1e0d102568c4dc72bedfe6388a791358da90daca4c4fd48094.css?body=1&livereload=1549321029836" for ::1 at 2019-02-04 14:57:09 -0800
Started GET "/assets/application.self-fc5f1fd9b2fc3b1e0d102568c4dc72bedfe6388a791358da90daca4c4fd48094.css?body=1&livereload=1549321071576" for ::1 at 2019-02-04 14:57:51 -0800
Started GET "/assets/application.self-fc5f1fd9b2fc3b1e0d102568c4dc72bedfe6388a791358da90daca4c4fd48094.css?body=1&livereload=1549321071579" for ::1 at 2019-02-04 14:57:51 -0800
Started GET "/" for ::1 at 2019-02-04 14:58:05 -0800
Processing by StaticPagesController#index as HTML
  Rendering static_pages/index.html.erb within layouts/application
  Rendered shared/_main_nav.html.erb (0.3ms)
  Rendered shared/_masthead.html.erb (0.2ms)
  Rendered shared/_sections_nav.html.erb (0.6ms)
  Rendered shared/_search_modal.html.erb (0.4ms)
  Rendered shared/_main_content.html.erb (0.2ms)
  Rendered static_pages/index.html.erb within layouts/application (15.5ms)
Completed 200 OK in 45ms (Views: 41.8ms | ActiveRecord: 0.0ms)


Started GET "/assets/application.self-104627c9759424e3fbe1934bf03e6b636f55b0cc6f8df93e205cddf55535377c.css?body=1" for ::1 at 2019-02-04 14:58:05 -0800
Started GET "/" for ::1 at 2019-02-04 14:58:06 -0800
Processing by StaticPagesController#index as HTML
  Rendering static_pages/index.html.erb within layouts/application
  Rendered shared/_main_nav.html.erb (0.4ms)
  Rendered shared/_masthead.html.erb (0.3ms)
  Rendered shared/_sections_nav.html.erb (0.3ms)
  Rendered shared/_search_modal.html.erb (0.2ms)
  Rendered shared/_main_content.html.erb (0.3ms)
  Rendered static_pages/index.html.erb within layouts/application (16.3ms)
Completed 200 OK in 40ms (Views: 36.6ms | ActiveRecord: 0.0ms)


Started GET "/assets/application.self-104627c9759424e3fbe1934bf03e6b636f55b0cc6f8df93e205cddf55535377c.css?body=1&livereload=1549321090614" for ::1 at 2019-02-04 14:58:10 -0800
Started GET "/assets/application.self-104627c9759424e3fbe1934bf03e6b636f55b0cc6f8df93e205cddf55535377c.css?body=1&livereload=1549321090617" for ::1 at 2019-02-04 14:58:10 -0800
Started GET "/assets/application.self-104627c9759424e3fbe1934bf03e6b636f55b0cc6f8df93e205cddf55535377c.css?body=1&livereload=1549321096323" for ::1 at 2019-02-04 14:58:16 -0800
Started GET "/assets/application.self-104627c9759424e3fbe1934bf03e6b636f55b0cc6f8df93e205cddf55535377c.css?body=1&livereload=1549321096325" for ::1 at 2019-02-04 14:58:16 -0800
Started GET "/assets/application.self-104627c9759424e3fbe1934bf03e6b636f55b0cc6f8df93e205cddf55535377c.css?body=1&livereload=1549321099355" for ::1 at 2019-02-04 14:58:19 -0800
Started GET "/assets/application.self-104627c9759424e3fbe1934bf03e6b636f55b0cc6f8df93e205cddf55535377c.css?body=1&livereload=1549321099356" for ::1 at 2019-02-04 14:58:19 -0800
Started GET "/assets/application.self-104627c9759424e3fbe1934bf03e6b636f55b0cc6f8df93e205cddf55535377c.css?body=1&livereload=1549321102864" for ::1 at 2019-02-04 14:58:22 -0800
Started GET "/assets/application.self-104627c9759424e3fbe1934bf03e6b636f55b0cc6f8df93e205cddf55535377c.css?body=1&livereload=1549321102865" for ::1 at 2019-02-04 14:58:22 -0800
Started GET "/assets/application.self-104627c9759424e3fbe1934bf03e6b636f55b0cc6f8df93e205cddf55535377c.css?body=1&livereload=1549321105812" for ::1 at 2019-02-04 14:58:25 -0800
Started GET "/assets/application.self-104627c9759424e3fbe1934bf03e6b636f55b0cc6f8df93e205cddf55535377c.css?body=1&livereload=1549321105813" for ::1 at 2019-02-04 14:58:25 -0800
